<?xml version="1.0" encoding="UTF-8"?>
<!-- Generated by org.testng.reporters.JUnitReportReporter -->
<testsuite hostname="LAPTOP-95NO9S2C" failures="0" tests="1" name="com.webappsecurity.zero.testscripts.VerifyFundTransferTest" time="29.236" errors="0" timestamp="2022-06-04T20:47:17 IST" skipped="0">
  <testcase classname="com.webappsecurity.zero.testscripts.VerifyFundTransferTest" name="verifyFundTransfer" time="29.236"/>
  <system-out/>
</testsuite> <!-- com.webappsecurity.zero.testscripts.VerifyFundTransferTest -->
